<?xml version="1.0" encoding="UTF-8"?>
<!-- Generated by org.testng.reporters.JUnitReportReporter -->
<testsuite hostname="DESKTOP-POM5FQ4" failures="0" tests="1" name="com.fisTest.tests.EbayUITest" time="21.666" errors="0" timestamp="2025-01-08T15:46:13 IST" skipped="0">
  <testcase classname="com.fisTest.tests.EbayUITest" name="ebayCartValidate" time="21.666">
    <system-out>
      <![CDATA[Chrome browser launched
Searched for books!
Selected first search result
Added to cart!!
Current cart value: 1
All Validations complete!]]>
    </system-out>
  </testcase> <!-- ebayCartValidate -->
  <system-out>
    <![CDATA[BPI Response: {
    "time": {
        "updated": "Jan 8, 2025 10:15:30 UTC",
        "updatedISO": "2025-01-08T10:15:30+00:00",
        "updateduk": "Jan 8, 2025 at 10:15 GMT"
    },
    "disclaimer": "This data was produced from the CoinDesk Bitcoin Price Index (USD). Non-USD currency data converted using hourly conversion rate from openexchangerates.org",
    "chartName": "Bitcoin",
    "bpi": {
        "USD": {
            "code": "USD",
            "symbol": "&#36;",
            "rate": "96,281.597",
            "description": "United States Dollar",
            "rate_float": 96281.5968
        },
        "GBP": {
            "code": "GBP",
            "symbol": "&pound;",
            "rate": "76,791.795",
            "description": "British Pound Sterling",
            "rate_float": 76791.7946
        },
        "EUR": {
            "code": "EUR",
            "symbol": "&euro;",
            "rate": "92,597.285",
            "description": "Euro",
            "rate_float": 92597.2852
        }
    }
}
Keyset contents are : [USD, GBP, EUR]
GBP's Description : British Pound Sterling
All validations Complete!!
Chrome browser launched
Searched for books!
Selected first search result
Added to cart!!
Current cart value: 1
All Validations complete!]]>
  </system-out>
</testsuite> <!-- com.fisTest.tests.EbayUITest -->
